CPU Reset (CPU 0)
R00=00000000 R01=00000000 R02=00000000 R03=00000000
R04=00000000 R05=00000000 R06=00000000 R07=00000000
R08=00000000 R09=00000000 R10=00000000 R11=00000000
R12=00000000 R13=00000000 R14=00000000 R15=00000000
XPSR=40000000 -Z-- A priv-thread
CPU Reset (CPU 0)
R00=00000000 R01=00000000 R02=00000000 R03=00000000
R04=00000000 R05=00000000 R06=00000000 R07=00000000
R08=00000000 R09=00000000 R10=00000000 R11=00000000
R12=00000000 R13=00000000 R14=ffffffff R15=00000000
XPSR=40000000 -Z-- A priv-thread
----------------
IN: Reset_Handler
0x00000040:  4815       ldr	r0, [pc, #84]	(0x98)
0x00000042:  4916       ldr	r1, [pc, #88]	(0x9c)
0x00000044:  6008       str	r0, [r1, #0]
0x00000046:  4816       ldr	r0, [pc, #88]	(0xa0)
0x00000048:  4685       mov	sp, r0
0x0000004a:  4816       ldr	r0, [pc, #88]	(0xa4)
0x0000004c:  4916       ldr	r1, [pc, #88]	(0xa8)
0x0000004e:  4a17       ldr	r2, [pc, #92]	(0xac)
0x00000050:  4288       cmp	r0, r1
0x00000052:  d004       beq.n	0x5e

----------------
IN: Reset_Handler
0x0000005e:  4814       ldr	r0, [pc, #80]	(0xb0)
0x00000060:  4914       ldr	r1, [pc, #80]	(0xb4)
0x00000062:  f04f 0200  mov.w	r2, #0	; 0x0
0x00000066:  4288       cmp	r0, r1
0x00000068:  d002       beq.n	0x70

----------------
IN: Reset_Handler
0x00000070:  480b       ldr	r0, [pc, #44]	(0xa0)
0x00000072:  4685       mov	sp, r0
0x00000074:  f000 f828  bl	0xc8

----------------
IN: main
0x000000c8:  481c       ldr	r0, [pc, #112]	(0x13c)
0x000000ca:  f04f 2340  mov.w	r3, #1073758208	; 0x40004000
0x000000ce:  b5f0       push	{r4, r5, r6, r7, lr}
0x000000d0:  21d9       movs	r1, #217
0x000000d2:  2400       movs	r4, #0
0x000000d4:  2203       movs	r2, #3
0x000000d6:  6004       str	r4, [r0, #0]
0x000000d8:  f04f 0e48  mov.w	lr, #72	; 0x48
0x000000dc:  60d9       str	r1, [r3, #12]
0x000000de:  2005       movs	r0, #5
0x000000e0:  609a       str	r2, [r3, #8]
0x000000e2:  f04f 0c65  mov.w	ip, #101	; 0x65
0x000000e6:  246c       movs	r4, #108
0x000000e8:  276f       movs	r7, #111
0x000000ea:  260d       movs	r6, #13
0x000000ec:  250a       movs	r5, #10
0x000000ee:  685a       ldr	r2, [r3, #4]
0x000000f0:  07d2       lsls	r2, r2, #31
0x000000f2:  d4fc       bmi.n	0xee

----------------
IN: main
0x000000f4:  f8c3 e000  str.w	lr, [r3]
0x000000f8:  685a       ldr	r2, [r3, #4]
0x000000fa:  07d1       lsls	r1, r2, #31
0x000000fc:  d4fc       bmi.n	0xf8

----------------
IN: main
0x000000fe:  f8c3 c000  str.w	ip, [r3]
0x00000102:  685a       ldr	r2, [r3, #4]
0x00000104:  07d2       lsls	r2, r2, #31
0x00000106:  d4fc       bmi.n	0x102

----------------
IN: main
0x00000108:  601c       str	r4, [r3, #0]
0x0000010a:  685a       ldr	r2, [r3, #4]
0x0000010c:  07d1       lsls	r1, r2, #31
0x0000010e:  d4fc       bmi.n	0x10a

----------------
IN: main
0x00000110:  601c       str	r4, [r3, #0]
0x00000112:  685a       ldr	r2, [r3, #4]
0x00000114:  07d2       lsls	r2, r2, #31
0x00000116:  d4fc       bmi.n	0x112

----------------
IN: main
0x00000118:  601f       str	r7, [r3, #0]
0x0000011a:  685a       ldr	r2, [r3, #4]
0x0000011c:  07d1       lsls	r1, r2, #31
0x0000011e:  d4fc       bmi.n	0x11a

----------------
IN: main
0x00000120:  601e       str	r6, [r3, #0]
0x00000122:  685a       ldr	r2, [r3, #4]
0x00000124:  07d2       lsls	r2, r2, #31
0x00000126:  d4fc       bmi.n	0x122

----------------
IN: main
0x00000128:  4a05       ldr	r2, [pc, #20]	(0x140)
0x0000012a:  601d       str	r5, [r3, #0]
0x0000012c:  4611       mov	r1, r2
0x0000012e:  3a01       subs	r2, #1
0x00000130:  2900       cmp	r1, #0
0x00000132:  d1fb       bne.n	0x12c

----------------
IN: main
0x0000012c:  4611       mov	r1, r2
0x0000012e:  3a01       subs	r2, #1
0x00000130:  2900       cmp	r1, #0
0x00000132:  d1fb       bne.n	0x12c

----------------
IN: main
0x00000134:  3801       subs	r0, #1
0x00000136:  d1da       bne.n	0xee

----------------
IN: main
0x000000ee:  685a       ldr	r2, [r3, #4]
0x000000f0:  07d2       lsls	r2, r2, #31
0x000000f2:  d4fc       bmi.n	0xee

----------------
IN: main
0x00000138:  bdf0       pop	{r4, r5, r6, r7, pc}

----------------
IN: Reset_Handler
0x00000078:  e7fe       b.n	0x78

